[debug] [2022-10-13T16:49:14.282Z] ----------------------------------------------------------------------
[debug] [2022-10-13T16:49:14.284Z] Command:       C:\Program Files\nodejs\node.exe C:\Users\sudip\AppData\Roaming\npm\node_modules\firebase-tools\lib\bin\firebase.js init
[debug] [2022-10-13T16:49:14.284Z] CLI Version:   11.13.0
[debug] [2022-10-13T16:49:14.284Z] Platform:      win32
[debug] [2022-10-13T16:49:14.284Z] Node Version:  v16.13.2
[debug] [2022-10-13T16:49:14.285Z] Time:          Thu Oct 13 2022 22:19:14 GMT+0530 (India Standard Time)
[debug] [2022-10-13T16:49:14.285Z] ----------------------------------------------------------------------
[debug] 
[debug] [2022-10-13T16:49:14.355Z] > command requires scopes: ["email","openid","https://www.googleapis.com/auth/cloudplatformprojects.readonly","https://www.googleapis.com/auth/firebase","https://www.googleapis.com/auth/cloud-platform"]
[debug] [2022-10-13T16:49:14.355Z] > authorizing via signed-in user (sudip777sharma@gmail.com)
[info] 
     ######## #### ########  ######## ########     ###     ######  ########
     ##        ##  ##     ## ##       ##     ##  ##   ##  ##       ##
     ######    ##  ########  ######   ########  #########  ######  ######
     ##        ##  ##    ##  ##       ##     ## ##     ##       ## ##
     ##       #### ##     ## ######## ########  ##     ##  ######  ########

You're about to initialize a Firebase project in this directory:

  E:\code_base\chatx

Before we get started, keep in mind:

  * You are initializing within an existing Firebase project directory

[debug] [2022-10-13T16:50:56.093Z] ----------------------------------------------------------------------
[debug] [2022-10-13T16:50:56.095Z] Command:       C:\Program Files\nodejs\node.exe C:\Users\sudip\AppData\Roaming\npm\node_modules\firebase-tools\lib\bin\firebase.js init
[debug] [2022-10-13T16:50:56.096Z] CLI Version:   11.13.0
[debug] [2022-10-13T16:50:56.096Z] Platform:      win32
[debug] [2022-10-13T16:50:56.096Z] Node Version:  v16.13.2
[debug] [2022-10-13T16:50:56.097Z] Time:          Thu Oct 13 2022 22:20:56 GMT+0530 (India Standard Time)
[debug] [2022-10-13T16:50:56.097Z] ----------------------------------------------------------------------
[debug] 
[debug] [2022-10-13T16:50:56.164Z] > command requires scopes: ["email","openid","https://www.googleapis.com/auth/cloudplatformprojects.readonly","https://www.googleapis.com/auth/firebase","https://www.googleapis.com/auth/cloud-platform"]
[debug] [2022-10-13T16:50:56.165Z] > authorizing via signed-in user (sudip777sharma@gmail.com)
[info] 
     ######## #### ########  ######## ########     ###     ######  ########
     ##        ##  ##     ## ##       ##     ##  ##   ##  ##       ##
     ######    ##  ########  ######   ########  #########  ######  ######
     ##        ##  ##    ##  ##       ##     ## ##     ##       ## ##
     ##       #### ##     ## ######## ########  ##     ##  ######  ########

You're about to initialize a Firebase project in this directory:

  E:\code_base\chatx

Before we get started, keep in mind:

  * You are initializing within an existing Firebase project directory

[info] 
=== Project Setup
[info] 
[info] First, let's associate this project directory with a Firebase project.
[info] You can create multiple project aliases by running firebase use --add, 
[info] but for now we'll just set up a default project.
[info] 
[debug] [2022-10-13T16:51:44.456Z] Using project from CLI flag: chatx-89f5a
[debug] [2022-10-13T16:51:44.460Z] >>> [apiv2][query] GET https://firebase.googleapis.com/v1beta1/projects/chatx-89f5a [none]
[debug] [2022-10-13T16:51:45.542Z] <<< [apiv2][status] GET https://firebase.googleapis.com/v1beta1/projects/chatx-89f5a 200
[debug] [2022-10-13T16:51:45.542Z] <<< [apiv2][body] GET https://firebase.googleapis.com/v1beta1/projects/chatx-89f5a {"projectId":"chatx-89f5a","projectNumber":"99883093067","displayName":"chatX","name":"projects/chatx-89f5a","resources":{"hostingSite":"chatx-89f5a","storageBucket":"chatx-89f5a.appspot.com","locationId":"us-central"},"state":"ACTIVE","etag":"1_55240659-90bc-46d6-90fd-110480ca7e1e"}
[info] i  Using project chatx-89f5a (chatX) 
[info] 
=== Hosting Setup
[info] 
[info] Your public directory is the folder (relative to your project directory) that
[info] will contain Hosting assets to be uploaded with firebase deploy. If you
[info] have a build process for your assets, use your build's output directory.
[info] 
[info] +  Wrote build/404.html 
[debug] [2022-10-13T16:55:10.288Z] >>> [apiv2][query] GET https://www.gstatic.com/firebasejs/releases.json [none]
[debug] [2022-10-13T16:55:10.725Z] <<< [apiv2][status] GET https://www.gstatic.com/firebasejs/releases.json 200
[debug] [2022-10-13T16:55:10.725Z] <<< [apiv2][body] GET https://www.gstatic.com/firebasejs/releases.json {"current":{"version":"9.12.1","browserURL":"https://www.gstatic.com/firebasejs/9.12.1/firebase.js","packageURL":"https://www.gstatic.com/firebasejs/9.12.1/firebase.tgz"},"live":{"version":"9.12","browserURL":"https://www.gstatic.com/firebasejs/live/9.12/firebase.js","packageURL":"https://www.gstatic.com/firebasejs/live/9.12/firebase.tgz"},"components":{"analytics":"https://www.gstatic.com/firebasejs/9.12.1/firebase-analytics.js","app":"https://www.gstatic.com/firebasejs/9.12.1/firebase-app.js","app-check":"https://www.gstatic.com/firebasejs/9.12.1/firebase-app-check.js","auth":"https://www.gstatic.com/firebasejs/9.12.1/firebase-auth.js","auth/cordova":"https://www.gstatic.com/firebasejs/9.12.1/firebase-auth/cordova.js","auth/react-native":"https://www.gstatic.com/firebasejs/9.12.1/firebase-auth/react-native.js","functions":"https://www.gstatic.com/firebasejs/9.12.1/firebase-functions.js","firestore":"https://www.gstatic.com/firebasejs/9.12.1/firebase-firestore.js","firestore/lite":"https://www.gstatic.com/firebasejs/9.12.1/firebase-firestore/lite.js","installations":"https://www.gstatic.com/firebasejs/9.12.1/firebase-installations.js","storage":"https://www.gstatic.com/firebasejs/9.12.1/firebase-storage.js","performance":"https://www.gstatic.com/firebasejs/9.12.1/firebase-performance.js","remote-config":"https://www.gstatic.com/firebasejs/9.12.1/firebase-remote-config.js","messaging":"https://www.gstatic.com/firebasejs/9.12.1/firebase-messaging.js","messaging/sw":"https://www.gstatic.com/firebasejs/9.12.1/firebase-messaging/sw.js","database":"https://www.gstatic.com/firebasejs/9.12.1/firebase-database.js","firestore.memory":"https://www.gstatic.com/firebasejs/9.12.1/firebase-firestore.memory.js"}}
[info] i  Skipping write of build/index.html 
[info] 
[info] i  Detected a .git folder at E:\code_base\chatx 
[info] i  Authorizing with GitHub to upload your service account to a GitHub repository's secrets store. 
[info] 
[info] Visit this URL on this device to log in:
[info] https://github.com/login/oauth/authorize?client_id=89cf50f02ac6aaed3484&state=1071533720&redirect_uri=http%3A%2F%2Flocalhost%3A9005&scope=read%3Auser%20repo%20public_repo
[info] 
[info] Waiting for authentication...
[debug] [2022-10-13T16:56:07.507Z] >>> [apiv2][query] POST https://github.com/login/oauth/access_token [none]
[debug] [2022-10-13T16:56:07.508Z] >>> [apiv2][body] POST https://github.com/login/oauth/access_token [stream]
[debug] [2022-10-13T16:56:08.224Z] <<< [apiv2][status] POST https://github.com/login/oauth/access_token 200
[debug] [2022-10-13T16:56:08.225Z] <<< [apiv2][body] POST https://github.com/login/oauth/access_token {"access_token":"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","token_type":"bearer","scope":"read:user,repo"}
[debug] [2022-10-13T16:56:08.241Z] >>> [apiv2][query] GET https://api.github.com/user [none]
[debug] [2022-10-13T16:56:08.883Z] <<< [apiv2][status] GET https://api.github.com/user 200
[debug] [2022-10-13T16:56:08.884Z] <<< [apiv2][body] GET https://api.github.com/user {"login":"sudip777sharma","id":60563255,"node_id":"MDQ6VXNlcjYwNTYzMjU1","avatar_url":"https://avatars.githubusercontent.com/u/60563255?v=4","gravatar_id":"","url":"https://api.github.com/users/sudip777sharma","html_url":"https://github.com/sudip777sharma","followers_url":"https://api.github.com/users/sudip777sharma/followers","following_url":"https://api.github.com/users/sudip777sharma/following{/other_user}","gists_url":"https://api.github.com/users/sudip777sharma/gists{/gist_id}","starred_url":"https://api.github.com/users/sudip777sharma/starred{/owner}{/repo}","subscriptions_url":"https://api.github.com/users/sudip777sharma/subscriptions","organizations_url":"https://api.github.com/users/sudip777sharma/orgs","repos_url":"https://api.github.com/users/sudip777sharma/repos","events_url":"https://api.github.com/users/sudip777sharma/events{/privacy}","received_events_url":"https://api.github.com/users/sudip777sharma/received_events","type":"User","site_admin":false,"name":null,"company":null,"blog":"","location":null,"email":null,"hireable":null,"bio":null,"twitter_username":null,"public_repos":25,"public_gists":0,"followers":6,"following":6,"created_at":"2020-02-02T05:26:16Z","updated_at":"2022-09-20T17:48:46Z","private_gists":0,"total_private_repos":24,"owned_private_repos":24,"disk_usage":131152,"collaborators":0,"two_factor_authentication":false,"plan":{"name":"free","space":976562499,"collaborators":0,"private_repos":10000}}
[info] 
[info] +  Success! Logged into GitHub as sudip777sharma 
[info] 
